\BOOKMARK [1][-]{section.1}{Extending Hu's quadratic estimator to three dimensions}{}% 1
\BOOKMARK [2][-]{subsection.1.1}{Introduction}{section.1}% 2
\BOOKMARK [2][-]{subsection.1.2}{Notation}{section.1}% 3
\BOOKMARK [2][-]{subsection.1.3}{Formalism}{section.1}% 4
\BOOKMARK [1][-]{section.2}{Lensing reconstruction noise}{}% 5
\BOOKMARK [2][-]{subsection.2.1}{Mathematical form of a quadratic estimator}{section.2}% 6
\BOOKMARK [2][-]{subsection.2.2}{Deriving the estimator}{section.2}% 7
\BOOKMARK [1][-]{section.3}{Pourtsidou et al. 2014}{}% 8
\BOOKMARK [2][-]{subsection.3.1}{Cosmology and parameters}{section.3}% 9
\BOOKMARK [3][-]{subsubsection.3.1.1}{Cosmology}{subsection.3.1}% 10
\BOOKMARK [3][-]{subsubsection.3.1.2}{Experimental parameters}{subsection.3.1}% 11
\BOOKMARK [2][-]{subsection.3.2}{ THI }{section.3}% 12
\BOOKMARK [2][-]{subsection.3.3}{Matter power spectrum}{section.3}% 13
\BOOKMARK [2][-]{subsection.3.4}{Power spectrum of 21-cm line}{section.3}% 14
\BOOKMARK [2][-]{subsection.3.5}{Signam-to-noise ratio}{section.3}% 15
\BOOKMARK [3][-]{subsubsection.3.5.1}{Signal}{subsection.3.5}% 16
\BOOKMARK [3][-]{subsubsection.3.5.2}{Noise}{subsection.3.5}% 17
\BOOKMARK [3][-]{subsubsection.3.5.3}{Error bars}{subsection.3.5}% 18
\BOOKMARK [3][-]{subsubsection.3.5.4}{Gaussian noise}{subsection.3.5}% 19
\BOOKMARK [3][-]{subsubsection.3.5.5}{Instrumental Noise}{subsection.3.5}% 20
\BOOKMARK [3][-]{subsubsection.3.5.6}{Gaussian + Poisson noise}{subsection.3.5}% 21
